<?xml version="1.0" encoding="UTF-8"?>
<!-- Generated by org.testng.reporters.JUnitReportReporter -->
<testsuite hostname="TejaswiniAnanta" failures="0" tests="1" name="package1.Class1" time="0.016" errors="0" timestamp="2025-12-03T14:26:26 IST" skipped="0">
  <testcase classname="package1.Class1" name="class1" time="0.016">
    <system-out>
      <![CDATA[**********Hi Pavithran Sir🙏🙏🙏...!!!!!***********]]>
    </system-out>
  </testcase> <!-- class1 -->
  <system-out>
    <![CDATA[**********Hi Pavithran Sir🙏🙏🙏...!!!!!***********]]>
  </system-out>
</testsuite> <!-- package1.Class1 -->
