<?xml version="1.0" encoding="UTF-8"?>
<testng-results ignored="0" total="1" passed="1" failed="0" skipped="0">
  <reporter-output>
    <line>
      <![CDATA[**********Hi Pavithran Sir🙏🙏🙏...!!!!!***********]]>
    </line>
  </reporter-output>
  <suite started-at="2025-12-03T14:26:25 IST" name="Default suite" finished-at="2025-12-03T14:26:25 IST" duration-ms="82">
    <groups>
    </groups>
    <test started-at="2025-12-03T14:26:25 IST" name="Default test" finished-at="2025-12-03T14:26:25 IST" duration-ms="82">
      <class name="package1.Class1">
        <test-method signature="class1()[pri:0, instance:package1.Class1@3c19aaa5]" started-at="2025-12-03T14:26:25 IST" name="class1" finished-at="2025-12-03T14:26:25 IST" duration-ms="16" status="PASS">
          <reporter-output>
            <line>
              <![CDATA[**********Hi Pavithran Sir🙏🙏🙏...!!!!!***********]]>
            </line>
          </reporter-output>
        </test-method> <!-- class1 -->
      </class> <!-- package1.Class1 -->
    </test> <!-- Default test -->
  </suite> <!-- Default suite -->
</testng-results>
